  [4;36;1mSQL (1.2ms)[0m   [0;1m SELECT name
 FROM sqlite_master
 WHERE type = 'table' AND NOT name = 'sqlite_sequence'
[0m
  [4;35;1mSQL (0.7ms)[0m   [0mselect sqlite_version(*)[0m
  [4;36;1mSQL (125.9ms)[0m   [0;1mCREATE TABLE "schema_migrations" ("version" varchar(255) NOT NULL) [0m
  [4;35;1mSQL (78.0ms)[0m   [0mCREATE UNIQUE INDEX "unique_schema_migrations" ON "schema_migrations" ("version")[0m
  [4;36;1mSQL (1.7ms)[0m   [0;1m SELECT name
 FROM sqlite_master
 WHERE type = 'table' AND NOT name = 'sqlite_sequence'
[0m
  [4;35;1mSQL (0.9ms)[0m   [0mSELECT version FROM schema_migrations[0m
Migrating to CreateUsers (20100414144425)
  [4;36;1mSQL (1.4ms)[0m   [0;1mCREATE TABLE "users" ("id" INTEGER PRIMARY KEY AUTOINCREMENT NOT NULL, "created_at" datetime, "updated_at" datetime, "login" varchar(255) NOT NULL, "crypted_password" varchar(255) NOT NULL, "password_salt" varchar(255) NOT NULL, "persistence_token" varchar(255) NOT NULL, "perishable_token" varchar(255) NOT NULL, "email" varchar(255) NOT NULL, "active" boolean DEFAULT 'f' NOT NULL) [0m
  [4;35;1mSQL (0.7ms)[0m   [0mCREATE INDEX "index_users_on_login" ON "users" ("login")[0m
  [4;36;1mSQL (0.6ms)[0m   [0;1mCREATE INDEX "index_users_on_persistence_token" ON "users" ("persistence_token")[0m
  [4;35;1mSQL (0.7ms)[0m   [0mCREATE INDEX "index_users_on_perishable_token" ON "users" ("perishable_token")[0m
  [4;36;1mSQL (0.6ms)[0m   [0;1mCREATE INDEX "index_users_on_email" ON "users" ("email")[0m
  [4;35;1mSQL (0.7ms)[0m   [0mINSERT INTO schema_migrations (version) VALUES ('20100414144425')[0m
  [4;36;1mSQL (1.0ms)[0m   [0;1m SELECT name
 FROM sqlite_master
 WHERE type = 'table' AND NOT name = 'sqlite_sequence'
[0m
  [4;35;1mSQL (0.6ms)[0m   [0mSELECT version FROM schema_migrations[0m
  [4;36;1mSQL (0.9ms)[0m   [0;1m SELECT name
 FROM sqlite_master
 WHERE type = 'table' AND NOT name = 'sqlite_sequence'
[0m
  [4;35;1mSQL (1.4ms)[0m   [0mPRAGMA index_list("users")[0m
  [4;36;1mSQL (0.7ms)[0m   [0;1mPRAGMA index_info('index_users_on_email')[0m
  [4;35;1mSQL (0.6ms)[0m   [0mPRAGMA index_info('index_users_on_perishable_token')[0m
  [4;36;1mSQL (0.6ms)[0m   [0;1mPRAGMA index_info('index_users_on_persistence_token')[0m
  [4;35;1mSQL (0.6ms)[0m   [0mPRAGMA index_info('index_users_on_login')[0m
